<?xml version="1.0" encoding="UTF-8"?>
<testng-results skipped="0" failed="0" total="0" passed="0">
  <reporter-output>
  </reporter-output>
  <suite name="Default suite" duration-ms="466" started-at="2020-06-12T10:59:59Z" finished-at="2020-06-12T11:00:00Z">
    <groups>
      <group name="cucumber">
        <method signature="AbstractTestNGCucumberTests.feature(cucumber.api.testng.CucumberFeatureWrapper)[pri:0, instance:com.cucumber.example.Runner@64c87930]" name="feature" class="cucumber.api.testng.AbstractTestNGCucumberTests"/>
      </group> <!-- cucumber -->
    </groups>
    <test name="Default test" duration-ms="466" started-at="2020-06-12T10:59:59Z" finished-at="2020-06-12T11:00:00Z">
      <class name="com.cucumber.example.Runner">
        <test-method status="PASS" signature="setUpClass()[pri:0, instance:com.cucumber.example.Runner@64c87930]" name="setUpClass" is-config="true" duration-ms="139" started-at="2020-06-12T16:29:59Z" finished-at="2020-06-12T16:30:00Z">
          <reporter-output>
          </reporter-output>
        </test-method> <!-- setUpClass -->
        <test-method status="PASS" signature="tearDownClass()[pri:0, instance:com.cucumber.example.Runner@64c87930]" name="tearDownClass" is-config="true" duration-ms="316" started-at="2020-06-12T16:30:00Z" finished-at="2020-06-12T16:30:00Z">
          <reporter-output>
          </reporter-output>
        </test-method> <!-- tearDownClass -->
      </class> <!-- com.cucumber.example.Runner -->
    </test> <!-- Default test -->
  </suite> <!-- Default suite -->
</testng-results>
